<?xml version="1.0" encoding="UTF-8"?>
<!-- Generated by org.testng.reporters.JUnitXMLReporter -->
<testsuite hostname="clm-C02TT0U0HTDG" ignored="0" name="Send params" tests="4" failures="0" timestamp="18 Jan 2019 01:09:11 GMT" time="8.758" errors="0">
  <testcase name="Fileuploader" time="2.073" classname="JavaSessions.Assignment1"/>
  <testcase name="PageNavigator" time="0.768" classname="JavaSessions.Assignment1"/>
  <testcase name="testCase1" time="0.001" classname="SeleniumSessions.Sequencing"/>
  <testcase name="testCase2" time="0.001" classname="SeleniumSessions.Sequencing"/>
</testsuite> <!-- Send params -->
