<?xml version="1.0" encoding="UTF-8"?>
<!-- Generated by org.testng.reporters.JUnitXMLReporter -->
<testsuite hostname="clm-C02TT0U0HTDG" ignored="0" name="Practice Grouping 1" tests="1" failures="1" timestamp="23 Mar 2019 03:45:19 GMT" time="5.82" errors="0">
  <testcase name="iframe" time="0.0" classname="testNG.Iframe">
    <failure type="org.testng.TestNGException" message="
Parameter &amp;apos;text&amp;apos; is required by @Test on method iframe but has not been marked @Optional or defined
in /Users/bvennapureddy/micro-services/MorningSessions/src/group-sample.xml">
      <![CDATA[org.testng.TestNGException: 
Parameter 'text' is required by @Test on method iframe but has not been marked @Optional or defined
in /Users/bvennapureddy/micro-services/MorningSessions/src/group-sample.xml
at java.util.concurrent.FutureTask.run(FutureTask.java:266)
at java.util.concurrent.ThreadPoolExecutor.runWorker(ThreadPoolExecutor.java:1149)
at java.util.concurrent.ThreadPoolExecutor$Worker.run(ThreadPoolExecutor.java:624)
at java.lang.Thread.run(Thread.java:748)
... Removed 15 stack frames]]>
    </failure>
  </testcase> <!-- iframe -->
</testsuite> <!-- Practice Grouping 1 -->
