<?xml version="1.0" encoding="UTF-8"?>
<testng-results skipped="0" failed="0" ignored="0" total="1" passed="1">
  <reporter-output>
  </reporter-output>
  <suite name="Default suite" duration-ms="16993" started-at="2019-02-26T01:33:11Z" finished-at="2019-02-26T01:33:28Z">
    <groups>
    </groups>
    <test name="Default test" duration-ms="16993" started-at="2019-02-26T01:33:11Z" finished-at="2019-02-26T01:33:28Z">
      <class name="SeleniumSessions.FluentWaitSample">
        <test-method status="PASS" signature="fluentWaitMethod()[pri:0, instance:SeleniumSessions.FluentWaitSample@1e7c7811]" name="fluentWaitMethod" duration-ms="16973" started-at="2019-02-26T01:33:11Z" finished-at="2019-02-26T01:33:28Z">
          <reporter-output>
          </reporter-output>
        </test-method> <!-- fluentWaitMethod -->
      </class> <!-- SeleniumSessions.FluentWaitSample -->
    </test> <!-- Default test -->
  </suite> <!-- Default suite -->
</testng-results>
